#
# There is insufficient memory for the Java Runtime Environment to continue.
# Native memory allocation (mmap) failed to map 134217728 bytes for Failed to commit area from 0x0000000081c00000 to 0x0000000089c00000 of length 134217728.
# Possible reasons:
#   The system is out of physical RAM or swap space
#   The process is running with CompressedOops enabled, and the Java Heap may be blocking the growth of the native heap
# Possible solutions:
#   Reduce memory load on the system
#   Increase physical memory or swap space
#   Check if swap backing store is full
#   Decrease Java heap size (-Xmx/-Xms)
#   Decrease number of Java threads
#   Decrease Java thread stack sizes (-Xss)
#   Set larger code cache with -XX:ReservedCodeCacheSize=
# This output file may be truncated or incomplete.
#
#  Out of Memory Error (./src/hotspot/os/windows/os_windows.cpp:3303), pid=22540, tid=21596
#
# JRE version:  (11.0.8+10) (build )
# Java VM: OpenJDK 64-Bit Server VM (11.0.8+10, mixed mode, sharing, tiered, compressed oops, g1 gc, windows-amd64)
# No core dump will be written. Minidumps are not enabled by default on client versions of Windows
#

---------------  S U M M A R Y ------------

Command Line: -Dfile.encoding=Cp1252 ventanas.VentanaRestaurante

Host: Intel(R) Core(TM) i7-8550U CPU @ 1.80GHz, 8 cores, 7G,  Windows 10 , 64 bit Build 19041 (10.0.19041.546)
Time: Sun Nov  1 19:36:17 2020 Hora estándar romance elapsed time: 0 seconds (0d 0h 0m 0s)

---------------  T H R E A D  ---------------

Current thread (0x0000023a974fd000):  JavaThread "Unknown thread" [_thread_in_vm, id=21596, stack(0x000000fae5300000,0x000000fae5400000)]

Stack: [0x000000fae5300000,0x000000fae5400000]
Native frames: (J=compiled Java code, j=interpreted, Vv=VM code, C=native code)
V  [jvm.dll+0x5dfa5a]
V  [jvm.dll+0x7175ce]
V  [jvm.dll+0x718c9f]
V  [jvm.dll+0x719363]
V  [jvm.dll+0x240e48]
V  [jvm.dll+0x5dccca]
V  [jvm.dll+0x5d1935]
V  [jvm.dll+0x2f650c]
V  [jvm.dll+0x2f6392]
V  [jvm.dll+0x2fb046]
V  [jvm.dll+0x33f06f]
V  [jvm.dll+0x33eaa0]
V  [jvm.dll+0x2d38d8]
V  [jvm.dll+0x2d4a26]
V  [jvm.dll+0x6f32c7]
V  [jvm.dll+0x6f4a4f]
V  [jvm.dll+0x34bdf9]
V  [jvm.dll+0x6d66d0]
V  [jvm.dll+0x3b32ef]
V  [jvm.dll+0x3b55a1]
C  [jli.dll+0x520b]
C  [ucrtbase.dll+0x214c2]
C  [KERNEL32.DLL+0x17034]
C  [ntdll.dll+0x4cec1]


---------------  P R O C E S S  ---------------

Threads class SMR info:
_java_thread_list=0x0000023a95b71e60, length=0, elements={
}

Java Threads: ( => current thread )

Other Threads:
  0x0000023a97517000 GCTaskThread "GC Thread#0" [stack: 0x000000fae5400000,0x000000fae5500000] [id=7932]
  0x0000023a97549800 ConcurrentGCThread "G1 Main Marker" [stack: 0x000000fae5500000,0x000000fae5600000] [id=5892]
  0x0000023a9754b000 ConcurrentGCThread "G1 Conc#0" [stack: 0x000000fae5600000,0x000000fae5700000] [id=25652]

[error occurred during error reporting (printing all threads), id 0xc0000005, EXCEPTION_ACCESS_VIOLATION (0xc0000005) at pc=0x00007ffa6cfb2f27]

VM state:not at safepoint (not fully initialized)

VM Mutex/Monitor currently owned by a thread:  ([mutex/lock_event])
[0x0000023a974f9e40] Heap_lock - owner thread: 0x0000023a974fd000

Heap address: 0x0000000081c00000, size: 2020 MB, Compressed Oops mode: Non-zero based: 0x0000000081c00000
Narrow klass base: 0x0000000000000000, Narrow klass shift: 0

GC Heap History (0 events):
No events

Deoptimization events (0 events):
No events

Classes redefined (0 events):
No events

Internal exceptions (0 events):
No events

Events (1 events):
Event: 0.007 Loaded shared library C:\Program Files\AdoptOpenJDK\jdk-11.0.8.10-hotspot\bin\zip.dll


Dynamic libraries:
0x00007ff764920000 - 0x00007ff76492d000 	C:\Program Files\AdoptOpenJDK\jdk-11.0.8.10-hotspot\bin\javaw.exe
0x00007ffacbad0000 - 0x00007ffacbcc6000 	C:\WINDOWS\SYSTEM32\ntdll.dll
0x00007ffaca0e0000 - 0x00007ffaca19d000 	C:\WINDOWS\System32\KERNEL32.DLL
0x00007ffac96d0000 - 0x00007ffac9998000 	C:\WINDOWS\System32\KERNELBASE.dll
0x00007ffac99a0000 - 0x00007ffac9aa0000 	C:\WINDOWS\System32\ucrtbase.dll
0x00007ffabf950000 - 0x00007ffabf965000 	C:\Program Files\AdoptOpenJDK\jdk-11.0.8.10-hotspot\bin\VCRUNTIME140.dll
0x00007ffabf930000 - 0x00007ffabf947000 	C:\Program Files\AdoptOpenJDK\jdk-11.0.8.10-hotspot\bin\jli.dll
0x00007ffacb8f0000 - 0x00007ffacba90000 	C:\WINDOWS\System32\USER32.dll
0x00007ffac9490000 - 0x00007ffac94b2000 	C:\WINDOWS\System32\win32u.dll
0x00007ffab3560000 - 0x00007ffab37fb000 	C:\WINDOWS\WinSxS\amd64_microsoft.windows.common-controls_6595b64144ccf1df_6.0.19041.488_none_ca04af081b815d21\COMCTL32.dll
0x00007ffacaca0000 - 0x00007ffacacca000 	C:\WINDOWS\System32\GDI32.dll
0x00007ffaca1a0000 - 0x00007ffaca23e000 	C:\WINDOWS\System32\msvcrt.dll
0x00007ffac9220000 - 0x00007ffac9329000 	C:\WINDOWS\System32\gdi32full.dll
0x00007ffac9aa0000 - 0x00007ffac9b3d000 	C:\WINDOWS\System32\msvcp_win.dll
0x00007ffacacd0000 - 0x00007ffacad00000 	C:\WINDOWS\System32\IMM32.DLL
0x00007ffabf890000 - 0x00007ffabf92b000 	C:\Program Files\AdoptOpenJDK\jdk-11.0.8.10-hotspot\bin\msvcp140.dll
0x00007ffa6ccd0000 - 0x00007ffa6d78d000 	C:\Program Files\AdoptOpenJDK\jdk-11.0.8.10-hotspot\bin\server\jvm.dll
0x00007ffacb6c0000 - 0x00007ffacb76a000 	C:\WINDOWS\System32\ADVAPI32.dll
0x00007ffacaad0000 - 0x00007ffacab6b000 	C:\WINDOWS\System32\sechost.dll
0x00007ffacade0000 - 0x00007ffacaf04000 	C:\WINDOWS\System32\RPCRT4.dll
0x00007ffacad60000 - 0x00007ffacad68000 	C:\WINDOWS\System32\PSAPI.DLL
0x00007ffaab3b0000 - 0x00007ffaab3b9000 	C:\WINDOWS\SYSTEM32\WSOCK32.dll
0x00007ffabd610000 - 0x00007ffabd61a000 	C:\WINDOWS\SYSTEM32\VERSION.dll
0x00007ffab2630000 - 0x00007ffab2657000 	C:\WINDOWS\SYSTEM32\WINMM.dll
0x00007ffacb650000 - 0x00007ffacb6bb000 	C:\WINDOWS\System32\WS2_32.dll
0x00007ffac7b50000 - 0x00007ffac7b62000 	C:\WINDOWS\SYSTEM32\kernel.appcore.dll
0x00007ffac0ab0000 - 0x00007ffac0ac0000 	C:\Program Files\AdoptOpenJDK\jdk-11.0.8.10-hotspot\bin\verify.dll
0x00007ffac7070000 - 0x00007ffac7254000 	C:\WINDOWS\SYSTEM32\DBGHELP.DLL
0x00007ffaaac80000 - 0x00007ffaaacac000 	C:\WINDOWS\SYSTEM32\dbgcore.DLL
0x00007ffac94c0000 - 0x00007ffac953f000 	C:\WINDOWS\System32\bcryptPrimitives.dll
0x00007ffa9de30000 - 0x00007ffa9de58000 	C:\Program Files\AdoptOpenJDK\jdk-11.0.8.10-hotspot\bin\java.dll
0x00007ffabfcd0000 - 0x00007ffabfcda000 	C:\Program Files\AdoptOpenJDK\jdk-11.0.8.10-hotspot\bin\jimage.dll
0x00007ffab39a0000 - 0x00007ffab39b7000 	C:\Program Files\AdoptOpenJDK\jdk-11.0.8.10-hotspot\bin\zip.dll

dbghelp: loaded successfully - version: 4.0.5 - missing functions: none
symbol engine: initialized successfully - sym options: 0x614 - pdb path: .;C:\Program Files\AdoptOpenJDK\jdk-11.0.8.10-hotspot\bin;C:\WINDOWS\SYSTEM32;C:\WINDOWS\WinSxS\amd64_microsoft.windows.common-controls_6595b64144ccf1df_6.0.19041.488_none_ca04af081b815d21;C:\Program Files\AdoptOpenJDK\jdk-11.0.8.10-hotspot\bin\server

VM Arguments:
jvm_args: -Dfile.encoding=Cp1252 
java_command: ventanas.VentanaRestaurante
java_class_path (initial): C:\Users\Usuario\git\Foodestt\FoodEst\bin
Launcher Type: SUN_STANDARD

[Global flags]
     intx CICompilerCount                          = 4                                         {product} {ergonomic}
     uint ConcGCThreads                            = 2                                         {product} {ergonomic}
     uint G1ConcRefinementThreads                  = 8                                         {product} {ergonomic}
   size_t G1HeapRegionSize                         = 1048576                                   {product} {ergonomic}
    uintx GCDrainStackTargetSize                   = 64                                        {product} {ergonomic}
   size_t InitialHeapSize                          = 134217728                                 {product} {ergonomic}
   size_t MarkStackSize                            = 4194304                                   {product} {ergonomic}
   size_t MaxHeapSize                              = 2118123520                                {product} {ergonomic}
   size_t MinHeapDeltaBytes                        = 1048576                                   {product} {ergonomic}
    uintx NonNMethodCodeHeapSize                   = 5836300                                {pd product} {ergonomic}
    uintx NonProfiledCodeHeapSize                  = 122910970                              {pd product} {ergonomic}
    uintx ProfiledCodeHeapSize                     = 122910970                              {pd product} {ergonomic}
    uintx ReservedCodeCacheSize                    = 251658240                              {pd product} {ergonomic}
     bool SegmentedCodeCache                       = true                                      {product} {ergonomic}
     bool UseCompressedClassPointers               = true                                 {lp64_product} {ergonomic}
     bool UseCompressedOops                        = true                                 {lp64_product} {ergonomic}
     bool UseG1GC                                  = true                                      {product} {ergonomic}
     bool UseLargePagesIndividualAllocation        = false                                  {pd product} {ergonomic}

Logging:
Log output configuration:
 #0: stdout all=warning uptime,level,tags
 #1: stderr all=off uptime,level,tags

Environment Variables:
PATH=C:/Program Files/AdoptOpenJDK/jdk-11.0.8.10-hotspot/bin/client;C:/Program Files/AdoptOpenJDK/jdk-11.0.8.10-hotspot/bin;C:\Program Files (x86)\Razer Chroma SDK\bin;C:\Program Files\Razer Chroma SDK\bin;C:\Program Files (x86)\Razer\ChromaBroadcast\bin;C:\Program Files\Razer\ChromaBroadcast\bin;C:\Program Files\AdoptOpenJDK\jdk-11.0.8.10-hotspot\bin;C:\Program Files (x86)\Intel\Intel(R) Management Engine Components\iCLS\;C:\Program Files\Intel\Intel(R) Management Engine Components\iCLS\;C:\Program Files\AdoptOpenJDK\jdk-11.0.2+9-jre\bin;C:\Program Files\AdoptOpenJDK\jdk8u202-b08-jre\bin;C:\Program Files (x86)\AdoptOpenJDK\jdk8u202-b08-jre\bin;C:\Windows\System32;C:\Windows;C:\Windows\System32\wbem;C:\Windows\System32\WindowsPowerShell\v1.0\;C:\Windows\System32\OpenSSH\;C:\Program Files (x86)\NVIDIA Corporation\PhysX\Common;C:\Program Files\Intel\WiFi\bin\;C:\Program Files\Common Files\Intel\WirelessCommon\;C:\Program Files (x86)\Intel\Intel(R) Management Engine Components\DAL;C:\Program Files\Intel\Intel(R) Management Engine Components\DAL;C:\Program Files\Microsoft SQL Server\130\Tools\Binn\;C:\WINDOWS\system32;C:\WINDOWS;C:\WINDOWS\System32\Wbem;C:\WINDOWS\System32\WindowsPowerShell\v1.0\;C:\WINDOWS\System32\OpenSSH\;C:\WINDOWS\system32\config\systemprofile\AppData\Local\Microsoft\WindowsApps;C:\Python\Scripts\;C:\Python\;C:\Program Files\Java\jre1.8.0_201\bin;C:\Users\Usuario\AppData\Local\Microsoft\WindowsApps;C:\Program Files\Java\jdk1.8.0_241\bin;C:\Users\Usuario\AppData\Local\GitHubDesktop\bin;C:\Users\Usuario\Desktop;
USERNAME=Usuario
OS=Windows_NT
PROCESSOR_IDENTIFIER=Intel64 Family 6 Model 142 Stepping 10, GenuineIntel



---------------  S Y S T E M  ---------------

OS: Windows 10 , 64 bit Build 19041 (10.0.19041.546)
OS uptime: 1 days 22:01 hours

CPU:total 8 (initial active 8) (4 cores per cpu, 2 threads per core) family 6 model 142 stepping 10, cmov, cx8, fxsr, mmx, sse, sse2, sse3, ssse3, sse4.1, sse4.2, popcnt, avx, avx2, aes, clmul, erms, 3dnowpref, lzcnt, ht, tsc, tscinvbit, bmi1, bmi2, adx, fma

Memory: 4k page, system-wide physical 8076M (976M free)
TotalPageFile size 32652M (AvailPageFile size 76M)
current process WorkingSet (physical memory assigned to process): 9M, peak: 9M
current process commit charge ("private bytes"): 60M, peak: 188M

vm_info: OpenJDK 64-Bit Server VM (11.0.8+10) for windows-amd64 JRE (11.0.8+10), built on Jul 15 2020 11:45:54 by "" with MS VC++ 15.9 (VS2017)

END.
