#
# There is insufficient memory for the Java Runtime Environment to continue.
# Native memory allocation (malloc) failed to allocate 286896 bytes for Chunk::new
# Possible reasons:
#   The system is out of physical RAM or swap space
#   The process is running with CompressedOops enabled, and the Java Heap may be blocking the growth of the native heap
# Possible solutions:
#   Reduce memory load on the system
#   Increase physical memory or swap space
#   Check if swap backing store is full
#   Decrease Java heap size (-Xmx/-Xms)
#   Decrease number of Java threads
#   Decrease Java thread stack sizes (-Xss)
#   Set larger code cache with -XX:ReservedCodeCacheSize=
#   JVM is running with Unscaled Compressed Oops mode in which the Java heap is
#     placed in the first 4GB address space. The Java Heap base address is the
#     maximum limit for the native heap growth. Please use -XX:HeapBaseMinAddress
#     to set the Java Heap base and to place the Java Heap above 4GB virtual address.
# This output file may be truncated or incomplete.
#
#  Out of Memory Error (./src/hotspot/share/memory/arena.cpp:197), pid=25976, tid=19652
#
# JRE version: OpenJDK Runtime Environment AdoptOpenJDK (11.0.8+10) (build 11.0.8+10)
# Java VM: OpenJDK 64-Bit Server VM AdoptOpenJDK (11.0.8+10, mixed mode, tiered, compressed oops, g1 gc, windows-amd64)
# No core dump will be written. Minidumps are not enabled by default on client versions of Windows
#

---------------  S U M M A R Y ------------

Command Line: -Dfile.encoding=Cp1252 ventanas.VentanaRestaurante

Host: Intel(R) Core(TM) i7-8550U CPU @ 1.80GHz, 8 cores, 7G,  Windows 10 , 64 bit Build 19041 (10.0.19041.546)
Time: Sun Nov  1 19:31:39 2020 Hora estándar romance elapsed time: 0 seconds (0d 0h 0m 0s)

---------------  T H R E A D  ---------------

Current thread (0x000001d144ed9000):  JavaThread "C2 CompilerThread0" daemon [_thread_in_native, id=19652, stack(0x000000bd94700000,0x000000bd94800000)]


Current CompileTask:
C2:    463  721       4       java.lang.invoke.MethodType$ConcurrentWeakInternSet::get (54 bytes)

Stack: [0x000000bd94700000,0x000000bd94800000]
Native frames: (J=compiled Java code, j=interpreted, Vv=VM code, C=native code)
V  [jvm.dll+0x5dfa5a]
V  [jvm.dll+0x7175ce]
V  [jvm.dll+0x718c9f]
V  [jvm.dll+0x719363]
V  [jvm.dll+0x240e48]
V  [jvm.dll+0xb96ac]
V  [jvm.dll+0xb9dac]
V  [jvm.dll+0x346387]
V  [jvm.dll+0x314173]
V  [jvm.dll+0x3134ba]
V  [jvm.dll+0x1fa925]
V  [jvm.dll+0x1f9adf]
V  [jvm.dll+0x17e4ec]
V  [jvm.dll+0x208f27]
V  [jvm.dll+0x20710b]
V  [jvm.dll+0x6dc339]
V  [jvm.dll+0x6d53e4]
V  [jvm.dll+0x5de996]
C  [ucrtbase.dll+0x214c2]
C  [KERNEL32.DLL+0x17034]
C  [ntdll.dll+0x4cec1]


---------------  P R O C E S S  ---------------

Threads class SMR info:
_java_thread_list=0x000001d145a3ea20, length=15, elements={
0x000001d144ecd800, 0x000001d144ec3800, 0x000001d145853000, 0x000001d144ed7000,
0x000001d144ed9000, 0x000001d144ee8800, 0x000001d144eea000, 0x000001d1459b3800,
0x000001d1459be800, 0x000001d145d0d800, 0x000001d145d0e800, 0x000001d145d11800,
0x000001d145cf2800, 0x000001d123fed000, 0x000001d145cfe800
}

Java Threads: ( => current thread )
  0x000001d144ecd800 JavaThread "Reference Handler" daemon [_thread_blocked, id=8236, stack(0x000000bd94300000,0x000000bd94400000)]
  0x000001d144ec3800 JavaThread "Finalizer" daemon [_thread_blocked, id=26552, stack(0x000000bd94400000,0x000000bd94500000)]
  0x000001d145853000 JavaThread "Signal Dispatcher" daemon [_thread_blocked, id=25352, stack(0x000000bd94500000,0x000000bd94600000)]
  0x000001d144ed7000 JavaThread "Attach Listener" daemon [_thread_blocked, id=23272, stack(0x000000bd94600000,0x000000bd94700000)]
=>0x000001d144ed9000 JavaThread "C2 CompilerThread0" daemon [_thread_in_native, id=19652, stack(0x000000bd94700000,0x000000bd94800000)]
  0x000001d144ee8800 JavaThread "C1 CompilerThread0" daemon [_thread_blocked, id=23664, stack(0x000000bd94800000,0x000000bd94900000)]
  0x000001d144eea000 JavaThread "Sweeper thread" daemon [_thread_blocked, id=12172, stack(0x000000bd94900000,0x000000bd94a00000)]
  0x000001d1459b3800 JavaThread "Service Thread" daemon [_thread_blocked, id=18964, stack(0x000000bd94a00000,0x000000bd94b00000)]
  0x000001d1459be800 JavaThread "Common-Cleaner" daemon [_thread_blocked, id=22940, stack(0x000000bd94c00000,0x000000bd94d00000)]
  0x000001d145d0d800 JavaThread "Java2D Disposer" daemon [_thread_blocked, id=11252, stack(0x000000bd94d00000,0x000000bd94e00000)]
  0x000001d145d0e800 JavaThread "AWT-Shutdown" [_thread_blocked, id=22428, stack(0x000000bd94e00000,0x000000bd94f00000)]
  0x000001d145d11800 JavaThread "AWT-Windows" daemon [_thread_in_native, id=18688, stack(0x000000bd94f00000,0x000000bd95000000)]
  0x000001d145cf2800 JavaThread "AWT-EventQueue-0" [_thread_in_native, id=6716, stack(0x000000bd95000000,0x000000bd95100000)]
  0x000001d123fed000 JavaThread "DestroyJavaVM" [_thread_blocked, id=26384, stack(0x000000bd93c00000,0x000000bd93d00000)]
  0x000001d145cfe800 JavaThread "C2 CompilerThread1" daemon [_thread_in_native, id=8468, stack(0x000000bd95100000,0x000000bd95200000)]

Other Threads:
  0x000001d144e97800 VMThread "VM Thread" [stack: 0x000000bd94200000,0x000000bd94300000] [id=23780]
  0x000001d1459b6800 WatcherThread [stack: 0x000000bd94b00000,0x000000bd94c00000] [id=22344]
  0x000001d124005000 GCTaskThread "GC Thread#0" [stack: 0x000000bd93d00000,0x000000bd93e00000] [id=19212]
  0x000001d124039000 ConcurrentGCThread "G1 Main Marker" [stack: 0x000000bd93e00000,0x000000bd93f00000] [id=22564]
  0x000001d12403a000 ConcurrentGCThread "G1 Conc#0" [stack: 0x000000bd93f00000,0x000000bd94000000] [id=26420]
  0x000001d144d00800 ConcurrentGCThread "G1 Refine#0" [stack: 0x000000bd94000000,0x000000bd94100000] [id=26228]
  0x000001d144d02000 ConcurrentGCThread "G1 Young RemSet Sampling" [stack: 0x000000bd94100000,0x000000bd94200000] [id=24872]

Threads with active compile tasks:
C2 CompilerThread0    483  721       4       java.lang.invoke.MethodType$ConcurrentWeakInternSet::get (54 bytes)
C2 CompilerThread1    483  720       4       java.lang.invoke.MethodType::makeImpl (108 bytes)

VM state:not at safepoint (normal execution)

VM Mutex/Monitor currently owned by a thread: None

Heap address: 0x0000000081c00000, size: 2020 MB, Compressed Oops mode: 32-bit
Narrow klass base: 0x0000000000000000, Narrow klass shift: 3
Compressed class space size: 1073741824 Address: 0x0000000100000000

Heap:
 garbage-first heap   total 131072K, used 14336K [0x0000000081c00000, 0x0000000100000000)
  region size 1024K, 10 young (10240K), 0 survivors (0K)
 Metaspace       used 12605K, capacity 12972K, committed 13184K, reserved 1060864K
  class space    used 1336K, capacity 1546K, committed 1664K, reserved 1048576K
Heap Regions: E=young(eden), S=young(survivor), O=old, HS=humongous(starts), HC=humongous(continues), CS=collection set, F=free, A=archive, TAMS=top-at-mark-start (previous, next)
|   0|0x0000000081c00000, 0x0000000081d00000, 0x0000000081d00000|100%|HS|  |TAMS 0x0000000081c00000, 0x0000000081c00000| Complete 
|   1|0x0000000081d00000, 0x0000000081e00000, 0x0000000081e00000|100%|HC|  |TAMS 0x0000000081d00000, 0x0000000081d00000| Complete 
|   2|0x0000000081e00000, 0x0000000081f00000, 0x0000000081f00000|100%|HC|  |TAMS 0x0000000081e00000, 0x0000000081e00000| Complete 
|   3|0x0000000081f00000, 0x0000000082000000, 0x0000000082000000|100%|HC|  |TAMS 0x0000000081f00000, 0x0000000081f00000| Complete 
|   4|0x0000000082000000, 0x0000000082100000, 0x0000000082100000|100%|HC|  |TAMS 0x0000000082000000, 0x0000000082000000| Complete 
|   5|0x0000000082100000, 0x0000000082100000, 0x0000000082200000|  0%| F|  |TAMS 0x0000000082100000, 0x0000000082100000| Untracked 
|   6|0x0000000082200000, 0x0000000082200000, 0x0000000082300000|  0%| F|  |TAMS 0x0000000082200000, 0x0000000082200000| Untracked 
|   7|0x0000000082300000, 0x0000000082300000, 0x0000000082400000|  0%| F|  |TAMS 0x0000000082300000, 0x0000000082300000| Untracked 
|   8|0x0000000082400000, 0x0000000082400000, 0x0000000082500000|  0%| F|  |TAMS 0x0000000082400000, 0x0000000082400000| Untracked 
|   9|0x0000000082500000, 0x0000000082500000, 0x0000000082600000|  0%| F|  |TAMS 0x0000000082500000, 0x0000000082500000| Untracked 
|  10|0x0000000082600000, 0x0000000082600000, 0x0000000082700000|  0%| F|  |TAMS 0x0000000082600000, 0x0000000082600000| Untracked 
|  11|0x0000000082700000, 0x0000000082700000, 0x0000000082800000|  0%| F|  |TAMS 0x0000000082700000, 0x0000000082700000| Untracked 
|  12|0x0000000082800000, 0x0000000082800000, 0x0000000082900000|  0%| F|  |TAMS 0x0000000082800000, 0x0000000082800000| Untracked 
|  13|0x0000000082900000, 0x0000000082900000, 0x0000000082a00000|  0%| F|  |TAMS 0x0000000082900000, 0x0000000082900000| Untracked 
|  14|0x0000000082a00000, 0x0000000082a00000, 0x0000000082b00000|  0%| F|  |TAMS 0x0000000082a00000, 0x0000000082a00000| Untracked 
|  15|0x0000000082b00000, 0x0000000082b00000, 0x0000000082c00000|  0%| F|  |TAMS 0x0000000082b00000, 0x0000000082b00000| Untracked 
|  16|0x0000000082c00000, 0x0000000082c00000, 0x0000000082d00000|  0%| F|  |TAMS 0x0000000082c00000, 0x0000000082c00000| Untracked 
|  17|0x0000000082d00000, 0x0000000082d00000, 0x0000000082e00000|  0%| F|  |TAMS 0x0000000082d00000, 0x0000000082d00000| Untracked 
|  18|0x0000000082e00000, 0x0000000082e00000, 0x0000000082f00000|  0%| F|  |TAMS 0x0000000082e00000, 0x0000000082e00000| Untracked 
|  19|0x0000000082f00000, 0x0000000082f00000, 0x0000000083000000|  0%| F|  |TAMS 0x0000000082f00000, 0x0000000082f00000| Untracked 
|  20|0x0000000083000000, 0x0000000083000000, 0x0000000083100000|  0%| F|  |TAMS 0x0000000083000000, 0x0000000083000000| Untracked 
|  21|0x0000000083100000, 0x0000000083100000, 0x0000000083200000|  0%| F|  |TAMS 0x0000000083100000, 0x0000000083100000| Untracked 
|  22|0x0000000083200000, 0x0000000083200000, 0x0000000083300000|  0%| F|  |TAMS 0x0000000083200000, 0x0000000083200000| Untracked 
|  23|0x0000000083300000, 0x0000000083300000, 0x0000000083400000|  0%| F|  |TAMS 0x0000000083300000, 0x0000000083300000| Untracked 
|  24|0x0000000083400000, 0x0000000083400000, 0x0000000083500000|  0%| F|  |TAMS 0x0000000083400000, 0x0000000083400000| Untracked 
|  25|0x0000000083500000, 0x0000000083500000, 0x0000000083600000|  0%| F|  |TAMS 0x0000000083500000, 0x0000000083500000| Untracked 
|  26|0x0000000083600000, 0x0000000083600000, 0x0000000083700000|  0%| F|  |TAMS 0x0000000083600000, 0x0000000083600000| Untracked 
|  27|0x0000000083700000, 0x0000000083700000, 0x0000000083800000|  0%| F|  |TAMS 0x0000000083700000, 0x0000000083700000| Untracked 
|  28|0x0000000083800000, 0x0000000083800000, 0x0000000083900000|  0%| F|  |TAMS 0x0000000083800000, 0x0000000083800000| Untracked 
|  29|0x0000000083900000, 0x0000000083900000, 0x0000000083a00000|  0%| F|  |TAMS 0x0000000083900000, 0x0000000083900000| Untracked 
|  30|0x0000000083a00000, 0x0000000083a00000, 0x0000000083b00000|  0%| F|  |TAMS 0x0000000083a00000, 0x0000000083a00000| Untracked 
|  31|0x0000000083b00000, 0x0000000083b00000, 0x0000000083c00000|  0%| F|  |TAMS 0x0000000083b00000, 0x0000000083b00000| Untracked 
|  32|0x0000000083c00000, 0x0000000083c00000, 0x0000000083d00000|  0%| F|  |TAMS 0x0000000083c00000, 0x0000000083c00000| Untracked 
|  33|0x0000000083d00000, 0x0000000083d00000, 0x0000000083e00000|  0%| F|  |TAMS 0x0000000083d00000, 0x0000000083d00000| Untracked 
|  34|0x0000000083e00000, 0x0000000083e00000, 0x0000000083f00000|  0%| F|  |TAMS 0x0000000083e00000, 0x0000000083e00000| Untracked 
|  35|0x0000000083f00000, 0x0000000083f00000, 0x0000000084000000|  0%| F|  |TAMS 0x0000000083f00000, 0x0000000083f00000| Untracked 
|  36|0x0000000084000000, 0x0000000084000000, 0x0000000084100000|  0%| F|  |TAMS 0x0000000084000000, 0x0000000084000000| Untracked 
|  37|0x0000000084100000, 0x0000000084100000, 0x0000000084200000|  0%| F|  |TAMS 0x0000000084100000, 0x0000000084100000| Untracked 
|  38|0x0000000084200000, 0x0000000084200000, 0x0000000084300000|  0%| F|  |TAMS 0x0000000084200000, 0x0000000084200000| Untracked 
|  39|0x0000000084300000, 0x0000000084300000, 0x0000000084400000|  0%| F|  |TAMS 0x0000000084300000, 0x0000000084300000| Untracked 
|  40|0x0000000084400000, 0x0000000084400000, 0x0000000084500000|  0%| F|  |TAMS 0x0000000084400000, 0x0000000084400000| Untracked 
|  41|0x0000000084500000, 0x0000000084500000, 0x0000000084600000|  0%| F|  |TAMS 0x0000000084500000, 0x0000000084500000| Untracked 
|  42|0x0000000084600000, 0x0000000084600000, 0x0000000084700000|  0%| F|  |TAMS 0x0000000084600000, 0x0000000084600000| Untracked 
|  43|0x0000000084700000, 0x0000000084700000, 0x0000000084800000|  0%| F|  |TAMS 0x0000000084700000, 0x0000000084700000| Untracked 
|  44|0x0000000084800000, 0x0000000084800000, 0x0000000084900000|  0%| F|  |TAMS 0x0000000084800000, 0x0000000084800000| Untracked 
|  45|0x0000000084900000, 0x0000000084900000, 0x0000000084a00000|  0%| F|  |TAMS 0x0000000084900000, 0x0000000084900000| Untracked 
|  46|0x0000000084a00000, 0x0000000084a00000, 0x0000000084b00000|  0%| F|  |TAMS 0x0000000084a00000, 0x0000000084a00000| Untracked 
|  47|0x0000000084b00000, 0x0000000084b00000, 0x0000000084c00000|  0%| F|  |TAMS 0x0000000084b00000, 0x0000000084b00000| Untracked 
|  48|0x0000000084c00000, 0x0000000084c00000, 0x0000000084d00000|  0%| F|  |TAMS 0x0000000084c00000, 0x0000000084c00000| Untracked 
|  49|0x0000000084d00000, 0x0000000084d00000, 0x0000000084e00000|  0%| F|  |TAMS 0x0000000084d00000, 0x0000000084d00000| Untracked 
|  50|0x0000000084e00000, 0x0000000084e00000, 0x0000000084f00000|  0%| F|  |TAMS 0x0000000084e00000, 0x0000000084e00000| Untracked 
|  51|0x0000000084f00000, 0x0000000084f00000, 0x0000000085000000|  0%| F|  |TAMS 0x0000000084f00000, 0x0000000084f00000| Untracked 
|  52|0x0000000085000000, 0x0000000085000000, 0x0000000085100000|  0%| F|  |TAMS 0x0000000085000000, 0x0000000085000000| Untracked 
|  53|0x0000000085100000, 0x0000000085100000, 0x0000000085200000|  0%| F|  |TAMS 0x0000000085100000, 0x0000000085100000| Untracked 
|  54|0x0000000085200000, 0x0000000085200000, 0x0000000085300000|  0%| F|  |TAMS 0x0000000085200000, 0x0000000085200000| Untracked 
|  55|0x0000000085300000, 0x0000000085300000, 0x0000000085400000|  0%| F|  |TAMS 0x0000000085300000, 0x0000000085300000| Untracked 
|  56|0x0000000085400000, 0x0000000085400000, 0x0000000085500000|  0%| F|  |TAMS 0x0000000085400000, 0x0000000085400000| Untracked 
|  57|0x0000000085500000, 0x0000000085500000, 0x0000000085600000|  0%| F|  |TAMS 0x0000000085500000, 0x0000000085500000| Untracked 
|  58|0x0000000085600000, 0x0000000085600000, 0x0000000085700000|  0%| F|  |TAMS 0x0000000085600000, 0x0000000085600000| Untracked 
|  59|0x0000000085700000, 0x0000000085700000, 0x0000000085800000|  0%| F|  |TAMS 0x0000000085700000, 0x0000000085700000| Untracked 
|  60|0x0000000085800000, 0x0000000085800000, 0x0000000085900000|  0%| F|  |TAMS 0x0000000085800000, 0x0000000085800000| Untracked 
|  61|0x0000000085900000, 0x0000000085900000, 0x0000000085a00000|  0%| F|  |TAMS 0x0000000085900000, 0x0000000085900000| Untracked 
|  62|0x0000000085a00000, 0x0000000085a00000, 0x0000000085b00000|  0%| F|  |TAMS 0x0000000085a00000, 0x0000000085a00000| Untracked 
|  63|0x0000000085b00000, 0x0000000085b00000, 0x0000000085c00000|  0%| F|  |TAMS 0x0000000085b00000, 0x0000000085b00000| Untracked 
|  64|0x0000000085c00000, 0x0000000085c00000, 0x0000000085d00000|  0%| F|  |TAMS 0x0000000085c00000, 0x0000000085c00000| Untracked 
|  65|0x0000000085d00000, 0x0000000085d00000, 0x0000000085e00000|  0%| F|  |TAMS 0x0000000085d00000, 0x0000000085d00000| Untracked 
|  66|0x0000000085e00000, 0x0000000085e00000, 0x0000000085f00000|  0%| F|  |TAMS 0x0000000085e00000, 0x0000000085e00000| Untracked 
|  67|0x0000000085f00000, 0x0000000085f00000, 0x0000000086000000|  0%| F|  |TAMS 0x0000000085f00000, 0x0000000085f00000| Untracked 
|  68|0x0000000086000000, 0x0000000086000000, 0x0000000086100000|  0%| F|  |TAMS 0x0000000086000000, 0x0000000086000000| Untracked 
|  69|0x0000000086100000, 0x0000000086100000, 0x0000000086200000|  0%| F|  |TAMS 0x0000000086100000, 0x0000000086100000| Untracked 
|  70|0x0000000086200000, 0x0000000086200000, 0x0000000086300000|  0%| F|  |TAMS 0x0000000086200000, 0x0000000086200000| Untracked 
|  71|0x0000000086300000, 0x0000000086300000, 0x0000000086400000|  0%| F|  |TAMS 0x0000000086300000, 0x0000000086300000| Untracked 
|  72|0x0000000086400000, 0x0000000086400000, 0x0000000086500000|  0%| F|  |TAMS 0x0000000086400000, 0x0000000086400000| Untracked 
|  73|0x0000000086500000, 0x0000000086500000, 0x0000000086600000|  0%| F|  |TAMS 0x0000000086500000, 0x0000000086500000| Untracked 
|  74|0x0000000086600000, 0x0000000086600000, 0x0000000086700000|  0%| F|  |TAMS 0x0000000086600000, 0x0000000086600000| Untracked 
|  75|0x0000000086700000, 0x0000000086700000, 0x0000000086800000|  0%| F|  |TAMS 0x0000000086700000, 0x0000000086700000| Untracked 
|  76|0x0000000086800000, 0x0000000086800000, 0x0000000086900000|  0%| F|  |TAMS 0x0000000086800000, 0x0000000086800000| Untracked 
|  77|0x0000000086900000, 0x0000000086900000, 0x0000000086a00000|  0%| F|  |TAMS 0x0000000086900000, 0x0000000086900000| Untracked 
|  78|0x0000000086a00000, 0x0000000086a00000, 0x0000000086b00000|  0%| F|  |TAMS 0x0000000086a00000, 0x0000000086a00000| Untracked 
|  79|0x0000000086b00000, 0x0000000086b00000, 0x0000000086c00000|  0%| F|  |TAMS 0x0000000086b00000, 0x0000000086b00000| Untracked 
|  80|0x0000000086c00000, 0x0000000086c00000, 0x0000000086d00000|  0%| F|  |TAMS 0x0000000086c00000, 0x0000000086c00000| Untracked 
|  81|0x0000000086d00000, 0x0000000086d00000, 0x0000000086e00000|  0%| F|  |TAMS 0x0000000086d00000, 0x0000000086d00000| Untracked 
|  82|0x0000000086e00000, 0x0000000086e00000, 0x0000000086f00000|  0%| F|  |TAMS 0x0000000086e00000, 0x0000000086e00000| Untracked 
|  83|0x0000000086f00000, 0x0000000086f00000, 0x0000000087000000|  0%| F|  |TAMS 0x0000000086f00000, 0x0000000086f00000| Untracked 
|  84|0x0000000087000000, 0x0000000087000000, 0x0000000087100000|  0%| F|  |TAMS 0x0000000087000000, 0x0000000087000000| Untracked 
|  85|0x0000000087100000, 0x0000000087100000, 0x0000000087200000|  0%| F|  |TAMS 0x0000000087100000, 0x0000000087100000| Untracked 
|  86|0x0000000087200000, 0x0000000087200000, 0x0000000087300000|  0%| F|  |TAMS 0x0000000087200000, 0x0000000087200000| Untracked 
|  87|0x0000000087300000, 0x0000000087300000, 0x0000000087400000|  0%| F|  |TAMS 0x0000000087300000, 0x0000000087300000| Untracked 
|  88|0x0000000087400000, 0x0000000087400000, 0x0000000087500000|  0%| F|  |TAMS 0x0000000087400000, 0x0000000087400000| Untracked 
|  89|0x0000000087500000, 0x0000000087500000, 0x0000000087600000|  0%| F|  |TAMS 0x0000000087500000, 0x0000000087500000| Untracked 
|  90|0x0000000087600000, 0x0000000087600000, 0x0000000087700000|  0%| F|  |TAMS 0x0000000087600000, 0x0000000087600000| Untracked 
|  91|0x0000000087700000, 0x0000000087700000, 0x0000000087800000|  0%| F|  |TAMS 0x0000000087700000, 0x0000000087700000| Untracked 
|  92|0x0000000087800000, 0x0000000087800000, 0x0000000087900000|  0%| F|  |TAMS 0x0000000087800000, 0x0000000087800000| Untracked 
|  93|0x0000000087900000, 0x0000000087900000, 0x0000000087a00000|  0%| F|  |TAMS 0x0000000087900000, 0x0000000087900000| Untracked 
|  94|0x0000000087a00000, 0x0000000087a00000, 0x0000000087b00000|  0%| F|  |TAMS 0x0000000087a00000, 0x0000000087a00000| Untracked 
|  95|0x0000000087b00000, 0x0000000087b00000, 0x0000000087c00000|  0%| F|  |TAMS 0x0000000087b00000, 0x0000000087b00000| Untracked 
|  96|0x0000000087c00000, 0x0000000087c00000, 0x0000000087d00000|  0%| F|  |TAMS 0x0000000087c00000, 0x0000000087c00000| Untracked 
|  97|0x0000000087d00000, 0x0000000087d00000, 0x0000000087e00000|  0%| F|  |TAMS 0x0000000087d00000, 0x0000000087d00000| Untracked 
|  98|0x0000000087e00000, 0x0000000087e00000, 0x0000000087f00000|  0%| F|  |TAMS 0x0000000087e00000, 0x0000000087e00000| Untracked 
|  99|0x0000000087f00000, 0x0000000087f00000, 0x0000000088000000|  0%| F|  |TAMS 0x0000000087f00000, 0x0000000087f00000| Untracked 
| 100|0x0000000088000000, 0x0000000088000000, 0x0000000088100000|  0%| F|  |TAMS 0x0000000088000000, 0x0000000088000000| Untracked 
| 101|0x0000000088100000, 0x0000000088100000, 0x0000000088200000|  0%| F|  |TAMS 0x0000000088100000, 0x0000000088100000| Untracked 
| 102|0x0000000088200000, 0x0000000088200000, 0x0000000088300000|  0%| F|  |TAMS 0x0000000088200000, 0x0000000088200000| Untracked 
| 103|0x0000000088300000, 0x0000000088300000, 0x0000000088400000|  0%| F|  |TAMS 0x0000000088300000, 0x0000000088300000| Untracked 
| 104|0x0000000088400000, 0x0000000088400000, 0x0000000088500000|  0%| F|  |TAMS 0x0000000088400000, 0x0000000088400000| Untracked 
| 105|0x0000000088500000, 0x0000000088500000, 0x0000000088600000|  0%| F|  |TAMS 0x0000000088500000, 0x0000000088500000| Untracked 
| 106|0x0000000088600000, 0x0000000088600000, 0x0000000088700000|  0%| F|  |TAMS 0x0000000088600000, 0x0000000088600000| Untracked 
| 107|0x0000000088700000, 0x0000000088700000, 0x0000000088800000|  0%| F|  |TAMS 0x0000000088700000, 0x0000000088700000| Untracked 
| 108|0x0000000088800000, 0x0000000088800000, 0x0000000088900000|  0%| F|  |TAMS 0x0000000088800000, 0x0000000088800000| Untracked 
| 109|0x0000000088900000, 0x0000000088900000, 0x0000000088a00000|  0%| F|  |TAMS 0x0000000088900000, 0x0000000088900000| Untracked 
| 110|0x0000000088a00000, 0x0000000088a00000, 0x0000000088b00000|  0%| F|  |TAMS 0x0000000088a00000, 0x0000000088a00000| Untracked 
| 111|0x0000000088b00000, 0x0000000088b00000, 0x0000000088c00000|  0%| F|  |TAMS 0x0000000088b00000, 0x0000000088b00000| Untracked 
| 112|0x0000000088c00000, 0x0000000088c00000, 0x0000000088d00000|  0%| F|  |TAMS 0x0000000088c00000, 0x0000000088c00000| Untracked 
| 113|0x0000000088d00000, 0x0000000088d00000, 0x0000000088e00000|  0%| F|  |TAMS 0x0000000088d00000, 0x0000000088d00000| Untracked 
| 114|0x0000000088e00000, 0x0000000088e00000, 0x0000000088f00000|  0%| F|  |TAMS 0x0000000088e00000, 0x0000000088e00000| Untracked 
| 115|0x0000000088f00000, 0x0000000088f00000, 0x0000000089000000|  0%| F|  |TAMS 0x0000000088f00000, 0x0000000088f00000| Untracked 
| 116|0x0000000089000000, 0x0000000089000000, 0x0000000089100000|  0%| F|  |TAMS 0x0000000089000000, 0x0000000089000000| Untracked 
| 117|0x0000000089100000, 0x0000000089100000, 0x0000000089200000|  0%| F|  |TAMS 0x0000000089100000, 0x0000000089100000| Untracked 
| 118|0x0000000089200000, 0x000000008927b630, 0x0000000089300000| 48%| E|  |TAMS 0x0000000089200000, 0x0000000089200000| Complete 
| 119|0x0000000089300000, 0x0000000089400000, 0x0000000089400000|100%| E|CS|TAMS 0x0000000089300000, 0x0000000089300000| Complete 
| 120|0x0000000089400000, 0x0000000089500000, 0x0000000089500000|100%| E|CS|TAMS 0x0000000089400000, 0x0000000089400000| Complete 
| 121|0x0000000089500000, 0x0000000089600000, 0x0000000089600000|100%| E|CS|TAMS 0x0000000089500000, 0x0000000089500000| Complete 
| 122|0x0000000089600000, 0x0000000089700000, 0x0000000089700000|100%| E|CS|TAMS 0x0000000089600000, 0x0000000089600000| Complete 
| 123|0x0000000089700000, 0x0000000089800000, 0x0000000089800000|100%| E|CS|TAMS 0x0000000089700000, 0x0000000089700000| Complete 
| 124|0x0000000089800000, 0x0000000089900000, 0x0000000089900000|100%| E|CS|TAMS 0x0000000089800000, 0x0000000089800000| Complete 
| 125|0x0000000089900000, 0x0000000089a00000, 0x0000000089a00000|100%| E|CS|TAMS 0x0000000089900000, 0x0000000089900000| Complete 
| 126|0x0000000089a00000, 0x0000000089b00000, 0x0000000089b00000|100%| E|CS|TAMS 0x0000000089a00000, 0x0000000089a00000| Complete 
| 127|0x0000000089b00000, 0x0000000089c00000, 0x0000000089c00000|100%| E|CS|TAMS 0x0000000089b00000, 0x0000000089b00000| Complete 

Card table byte_map: [0x000001d13dcc0000,0x000001d13e0c0000] _byte_map_base: 0x000001d13d8b2000

Marking Bits (Prev, Next): (CMBitMap*) 0x000001d124030108, (CMBitMap*) 0x000001d124030140
 Prev Bits: [0x000001d13e4c0000, 0x000001d140450000)
 Next Bits: [0x000001d140450000, 0x000001d1423e0000)

Polling page: 0x000001d123ea0000

Metaspace:

Usage:
  Non-class:     11.16 MB capacity,    11.00 MB ( 99%) used,   117.55 KB (  1%) free+waste,    39.69 KB ( <1%) overhead. 
      Class:      1.51 MB capacity,     1.30 MB ( 86%) used,   187.69 KB ( 12%) free+waste,    22.00 KB (  1%) overhead. 
       Both:     12.67 MB capacity,    12.31 MB ( 97%) used,   305.24 KB (  2%) free+waste,    61.69 KB ( <1%) overhead. 

Virtual space:
  Non-class space:       12.00 MB reserved,      11.25 MB ( 94%) committed 
      Class space:        1.00 GB reserved,       1.63 MB ( <1%) committed 
             Both:        1.01 GB reserved,      12.88 MB (  1%) committed 

Chunk freelists:
   Non-Class:  30.00 KB
       Class:  22.00 KB
        Both:  52.00 KB

MaxMetaspaceSize: 17179869184.00 GB
CompressedClassSpaceSize: 1.00 GB

CodeHeap 'non-profiled nmethods': size=120000Kb used=235Kb max_used=235Kb free=119764Kb
 bounds [0x000001d135920000, 0x000001d135b90000, 0x000001d13ce50000]
CodeHeap 'profiled nmethods': size=120000Kb used=1205Kb max_used=1205Kb free=118794Kb
 bounds [0x000001d12e3f0000, 0x000001d12e660000, 0x000001d135920000]
CodeHeap 'non-nmethods': size=5760Kb used=1164Kb max_used=1186Kb free=4595Kb
 bounds [0x000001d12de50000, 0x000001d12e0c0000, 0x000001d12e3f0000]
 total_blobs=1261 nmethods=747 adapters=426
 compilation: enabled
              stopped_count=0, restarted_count=0
 full_count=0

Compilation events (20 events):
Event: 0.444 Thread 0x000001d144ee8800  726       3       java.awt.Component::getTreeLock (4 bytes)
Event: 0.444 Thread 0x000001d144ee8800 nmethod 726 0x000001d12e513610 code [0x000001d12e5137c0, 0x000001d12e5138d8]
Event: 0.444 Thread 0x000001d144ee8800  727       3       sun.util.logging.PlatformLogger::isLoggable (23 bytes)
Event: 0.444 Thread 0x000001d144ee8800 nmethod 727 0x000001d12e513990 code [0x000001d12e513b60, 0x000001d12e513e18]
Event: 0.444 Thread 0x000001d144ee8800  728       3       jdk.internal.logger.AbstractLoggerWrapper::isLoggable (26 bytes)
Event: 0.444 Thread 0x000001d144ee8800 nmethod 728 0x000001d12e513f10 code [0x000001d12e514100, 0x000001d12e514658]
Event: 0.444 Thread 0x000001d144ee8800  729       3       jdk.internal.logger.LazyLoggers$LazyLoggerWrapper::platformProxy (10 bytes)
Event: 0.445 Thread 0x000001d144ee8800 nmethod 729 0x000001d12e514810 code [0x000001d12e5149e0, 0x000001d12e514b68]
Event: 0.445 Thread 0x000001d144ee8800  730   !   3       jdk.internal.logger.LazyLoggers$LazyLoggerAccessor::platform (103 bytes)
Event: 0.445 Thread 0x000001d144ee8800 nmethod 730 0x000001d12e514c90 code [0x000001d12e514ee0, 0x000001d12e515cc8]
Event: 0.445 Thread 0x000001d144ee8800  731       3       jdk.internal.logger.SimpleConsoleLogger::isLoggable (29 bytes)
Event: 0.446 Thread 0x000001d144ee8800 nmethod 731 0x000001d12e516010 code [0x000001d12e5161e0, 0x000001d12e516528]
Event: 0.446 Thread 0x000001d144ee8800  732       1       java.lang.Boolean::booleanValue (5 bytes)
Event: 0.446 Thread 0x000001d144ee8800 nmethod 732 0x000001d13595a010 code [0x000001d13595a1c0, 0x000001d13595a278]
Event: 0.446 Thread 0x000001d144ee8800  733       3       java.awt.Component::getContainer (5 bytes)
Event: 0.446 Thread 0x000001d144ee8800 nmethod 733 0x000001d12e516690 code [0x000001d12e516840, 0x000001d12e516958]
Event: 0.446 Thread 0x000001d144ee8800  734       3       java.awt.Component::isLightweight (8 bytes)
Event: 0.446 Thread 0x000001d144ee8800 nmethod 734 0x000001d12e516a10 code [0x000001d12e516bc0, 0x000001d12e516dd8]
Event: 0.447 Thread 0x000001d144ee8800  735       3       sun.awt.AWTAccessor::getComponentAccessor (18 bytes)
Event: 0.448 Thread 0x000001d144ee8800 nmethod 735 0x000001d12e516e90 code [0x000001d12e517060, 0x000001d12e517248]

GC Heap History (0 events):
No events

Deoptimization events (4 events):
Event: 0.074 Thread 0x000001d123fed000 Uncommon trap: trap_request=0xffffff4d fr.pc=0x000001d135924090 relative=0x00000000000001f0
Event: 0.074 Thread 0x000001d123fed000 Uncommon trap: reason=unstable_if action=reinterpret pc=0x000001d135924090 method=java.lang.String.hashCode()I @ 14 c2
Event: 0.074 Thread 0x000001d123fed000 DEOPT PACKING pc=0x000001d135924090 sp=0x000000bd93cfd360
Event: 0.074 Thread 0x000001d123fed000 DEOPT UNPACKING pc=0x000001d12de774af sp=0x000000bd93cfd2f8 mode 2

Classes redefined (0 events):
No events

Internal exceptions (20 events):
Event: 0.161 Thread 0x000001d123fed000 Exception <a 'java/lang/NoSuchMethodError'{0x0000000089947808}: 'java.lang.Object java.lang.invoke.DirectMethodHandle$Holder.invokeStatic(java.lang.Object, java.lang.Object, java.lang.Object, java.lang.Object, java.lang.Object, java.lang.Object, java.lang.Object, java.lang.Object, java.lang.Object, java.lang.Object, java.lang.Object, java.lang.Object, java.lang.Object, java.lang.Object, java.lang.Object)'> (0x0000000089947808) thrown at [./src/hotspot/share/interpreter/linkResolver.cpp, line 773]
Event: 0.163 Thread 0x000001d123fed000 Exception <a 'java/lang/NoSuchMethodError'{0x0000000089955578}: 'java.lang.Object java.lang.invoke.DirectMethodHandle$Holder.invokeStatic(java.lang.Object, java.lang.Object, java.lang.Object, java.lang.Object, java.lang.Object, java.lang.Object, java.lang.Object, java.lang.Object, java.lang.Object, java.lang.Object, java.lang.Object, java.lang.Object, java.lang.Object, java.lang.Object, java.lang.Object, java.lang.Object)'> (0x0000000089955578) thrown at [./src/hotspot/share/interpreter/linkResolver.cpp, l
Event: 0.164 Thread 0x000001d123fed000 Exception <a 'java/lang/NoSuchMethodError'{0x00000000899631e8}: 'java.lang.Object java.lang.invoke.DirectMethodHandle$Holder.invokeSpecial(java.lang.Object, java.lang.Object, int, int, java.lang.Object, java.lang.Object, java.lang.Object)'> (0x00000000899631e8) thrown at [./src/hotspot/share/interpreter/linkResolver.cpp, line 773]
Event: 0.165 Thread 0x000001d123fed000 Exception <a 'java/lang/NoSuchMethodError'{0x0000000089966778}: 'java.lang.Object java.lang.invoke.DelegatingMethodHandle$Holder.reinvoke_L(java.lang.Object, int, int, java.lang.Object, java.lang.Object, java.lang.Object)'> (0x0000000089966778) thrown at [./src/hotspot/share/interpreter/linkResolver.cpp, line 773]
Event: 0.165 Thread 0x000001d123fed000 Exception <a 'java/lang/NoSuchMethodError'{0x000000008996a858}: 'java.lang.Object java.lang.invoke.DirectMethodHandle$Holder.invokeStatic(java.lang.Object, java.lang.Object, java.lang.Object, java.lang.Object, int)'> (0x000000008996a858) thrown at [./src/hotspot/share/interpreter/linkResolver.cpp, line 773]
Event: 0.175 Thread 0x000001d123fed000 Exception <a 'java/io/FileNotFoundException'{0x00000000899cd7b8}> (0x00000000899cd7b8) thrown at [./src/hotspot/share/prims/jni.cpp, line 615]
Event: 0.222 Thread 0x000001d145d11800 Exception <a 'java/lang/NoSuchMethodError'{0x0000000089880788}: 'void java.lang.invoke.DirectMethodHandle$Holder.invokeSpecial(java.lang.Object, java.lang.Object)'> (0x0000000089880788) thrown at [./src/hotspot/share/interpreter/linkResolver.cpp, line 773]
Event: 0.226 Thread 0x000001d123fed000 Exception <a 'java/lang/NoSuchMethodError'{0x00000000898595f0}: 'java.lang.Object java.lang.invoke.DirectMethodHandle$Holder.invokeStatic(java.lang.Object, java.lang.Object, java.lang.Object, java.lang.Object, java.lang.Object, java.lang.Object, java.lang.Object, java.lang.Object, int)'> (0x00000000898595f0) thrown at [./src/hotspot/share/interpreter/linkResolver.cpp, line 773]
Event: 0.228 Thread 0x000001d123fed000 Exception <a 'java/lang/NoSuchMethodError'{0x00000000898736d0}: 'java.lang.Object java.lang.invoke.DirectMethodHandle$Holder.invokeStatic(java.lang.Object, java.lang.Object, java.lang.Object, java.lang.Object, java.lang.Object, java.lang.Object, java.lang.Object, java.lang.Object, int, int)'> (0x00000000898736d0) thrown at [./src/hotspot/share/interpreter/linkResolver.cpp, line 773]
Event: 0.290 Thread 0x000001d145cf2800 Exception <a 'java/lang/NoSuchMethodError'{0x000000008969d7c0}: 'java.lang.Object java.lang.invoke.DirectMethodHandle$Holder.invokeStatic(java.lang.Object, int, java.lang.Object, java.lang.Object, java.lang.Object, java.lang.Object)'> (0x000000008969d7c0) thrown at [./src/hotspot/share/interpreter/linkResolver.cpp, line 773]
Event: 0.291 Thread 0x000001d145cf2800 Exception <a 'java/lang/NoSuchMethodError'{0x00000000896a4880}: 'java.lang.Object java.lang.invoke.DirectMethodHandle$Holder.invokeStatic(java.lang.Object, int, java.lang.Object, java.lang.Object, java.lang.Object)'> (0x00000000896a4880) thrown at [./src/hotspot/share/interpreter/linkResolver.cpp, line 773]
Event: 0.292 Thread 0x000001d145cf2800 Exception <a 'java/lang/NoSuchMethodError'{0x00000000896a83c8}: 'java.lang.Object java.lang.invoke.DirectMethodHandle$Holder.invokeSpecial(java.lang.Object, java.lang.Object, int, java.lang.Object, java.lang.Object, java.lang.Object)'> (0x00000000896a83c8) thrown at [./src/hotspot/share/interpreter/linkResolver.cpp, line 773]
Event: 0.295 Thread 0x000001d145cf2800 Exception <a 'java/lang/NoSuchMethodError'{0x00000000896bfca8}: 'java.lang.Object java.lang.invoke.DirectMethodHandle$Holder.invokeStatic(java.lang.Object, int, java.lang.Object)'> (0x00000000896bfca8) thrown at [./src/hotspot/share/interpreter/linkResolver.cpp, line 773]
Event: 0.316 Thread 0x000001d145cf2800 Exception <a 'java/lang/ClassNotFoundException'{0x000000008956a6f0}: com/sun/swing/internal/plaf/metal/resources/spi/metalProvider> (0x000000008956a6f0) thrown at [./src/hotspot/share/classfile/systemDictionary.cpp, line 231]
Event: 0.317 Thread 0x000001d145cf2800 Exception <a 'java/lang/ClassNotFoundException'{0x000000008956f248}: com/sun/swing/internal/plaf/basic/resources/spi/basicProvider> (0x000000008956f248) thrown at [./src/hotspot/share/classfile/systemDictionary.cpp, line 231]
Event: 0.355 Thread 0x000001d145cf2800 Exception <a 'java/lang/NoSuchMethodError'{0x00000000895d2f18}: 'void java.lang.invoke.DirectMethodHandle$Holder.invokeStaticInit(java.lang.Object)'> (0x00000000895d2f18) thrown at [./src/hotspot/share/interpreter/linkResolver.cpp, line 773]
Event: 0.393 Thread 0x000001d145cf2800 Exception <a 'java/lang/NoSuchMethodError'{0x0000000089319670}: 'java.lang.Object java.lang.invoke.DirectMethodHandle$Holder.invokeStatic(java.lang.Object, java.lang.Object, java.lang.Object, java.lang.Object, java.lang.Object, java.lang.Object, java.lang.Object, java.lang.Object, java.lang.Object, java.lang.Object, java.lang.Object, int)'> (0x0000000089319670) thrown at [./src/hotspot/share/interpreter/linkResolver.cpp, line 773]
Event: 0.395 Thread 0x000001d145cf2800 Exception <a 'java/lang/NoSuchMethodError'{0x0000000089337b20}: 'java.lang.Object java.lang.invoke.DirectMethodHandle$Holder.invokeStatic(java.lang.Object, java.lang.Object, java.lang.Object, java.lang.Object, java.lang.Object, java.lang.Object, java.lang.Object, java.lang.Object, java.lang.Object, java.lang.Object, java.lang.Object, int, int)'> (0x0000000089337b20) thrown at [./src/hotspot/share/interpreter/linkResolver.cpp, line 773]
Event: 0.397 Thread 0x000001d145cf2800 Exception <a 'java/lang/NoSuchMethodError'{0x0000000089356d60}: 'java.lang.Object java.lang.invoke.DirectMethodHandle$Holder.invokeStatic(java.lang.Object, java.lang.Object, java.lang.Object, java.lang.Object, java.lang.Object, java.lang.Object, java.lang.Object, java.lang.Object, java.lang.Object, java.lang.Object, java.lang.Object, int, int, java.lang.Object)'> (0x0000000089356d60) thrown at [./src/hotspot/share/interpreter/linkResolver.cpp, line 773]
Event: 0.398 Thread 0x000001d145cf2800 Exception <a 'java/lang/NoSuchMethodError'{0x0000000089362fb8}: 'java.lang.Object java.lang.invoke.Invokers$Holder.linkToTargetMethod(java.lang.Object, int, java.lang.Object)'> (0x0000000089362fb8) thrown at [./src/hotspot/share/interpreter/linkResolver.cpp, line 773]

Events (20 events):
Event: 0.452 loading class sun/awt/image/BufImgVolatileSurfaceManager
Event: 0.452 loading class sun/awt/image/BufImgVolatileSurfaceManager done
Event: 0.453 loading class java/awt/image/Raster
Event: 0.453 loading class java/awt/image/Raster done
Event: 0.454 loading class java/awt/image/DataBufferInt
Event: 0.454 loading class java/awt/image/DataBuffer
Event: 0.454 loading class java/awt/image/DataBuffer done
Event: 0.454 loading class java/awt/image/DataBufferInt done
Event: 0.455 loading class java/awt/image/DataBuffer$1
Event: 0.455 loading class sun/awt/image/SunWritableRaster$DataStealer
Event: 0.455 loading class sun/awt/image/SunWritableRaster$DataStealer done
Event: 0.455 loading class java/awt/image/DataBuffer$1 done
Event: 0.455 loading class sun/awt/image/SunWritableRaster
Event: 0.455 loading class java/awt/image/WritableRaster
Event: 0.455 loading class java/awt/image/WritableRaster done
Event: 0.455 loading class sun/awt/image/SunWritableRaster done
Event: 0.461 loading class java/awt/image/SinglePixelPackedSampleModel
Event: 0.461 loading class java/awt/image/SampleModel
Event: 0.461 loading class java/awt/image/SampleModel done
Event: 0.461 loading class java/awt/image/SinglePixelPackedSampleModel done


Dynamic libraries:
0x00007ff764920000 - 0x00007ff76492d000 	C:\Program Files\AdoptOpenJDK\jdk-11.0.8.10-hotspot\bin\javaw.exe
0x00007ffacbad0000 - 0x00007ffacbcc6000 	C:\WINDOWS\SYSTEM32\ntdll.dll
0x00007ffaca0e0000 - 0x00007ffaca19d000 	C:\WINDOWS\System32\KERNEL32.DLL
0x00007ffac96d0000 - 0x00007ffac9998000 	C:\WINDOWS\System32\KERNELBASE.dll
0x00007ffac99a0000 - 0x00007ffac9aa0000 	C:\WINDOWS\System32\ucrtbase.dll
0x00007ffabf950000 - 0x00007ffabf965000 	C:\Program Files\AdoptOpenJDK\jdk-11.0.8.10-hotspot\bin\VCRUNTIME140.dll
0x00007ffabf930000 - 0x00007ffabf947000 	C:\Program Files\AdoptOpenJDK\jdk-11.0.8.10-hotspot\bin\jli.dll
0x00007ffacb8f0000 - 0x00007ffacba90000 	C:\WINDOWS\System32\USER32.dll
0x00007ffac9490000 - 0x00007ffac94b2000 	C:\WINDOWS\System32\win32u.dll
0x00007ffab3560000 - 0x00007ffab37fb000 	C:\WINDOWS\WinSxS\amd64_microsoft.windows.common-controls_6595b64144ccf1df_6.0.19041.488_none_ca04af081b815d21\COMCTL32.dll
0x00007ffacaca0000 - 0x00007ffacacca000 	C:\WINDOWS\System32\GDI32.dll
0x00007ffac9220000 - 0x00007ffac9329000 	C:\WINDOWS\System32\gdi32full.dll
0x00007ffaca1a0000 - 0x00007ffaca23e000 	C:\WINDOWS\System32\msvcrt.dll
0x00007ffac9aa0000 - 0x00007ffac9b3d000 	C:\WINDOWS\System32\msvcp_win.dll
0x00007ffacacd0000 - 0x00007ffacad00000 	C:\WINDOWS\System32\IMM32.DLL
0x00007ffabf890000 - 0x00007ffabf92b000 	C:\Program Files\AdoptOpenJDK\jdk-11.0.8.10-hotspot\bin\msvcp140.dll
0x00007ffa6ccd0000 - 0x00007ffa6d78d000 	C:\Program Files\AdoptOpenJDK\jdk-11.0.8.10-hotspot\bin\server\jvm.dll
0x00007ffacb6c0000 - 0x00007ffacb76a000 	C:\WINDOWS\System32\ADVAPI32.dll
0x00007ffacaad0000 - 0x00007ffacab6b000 	C:\WINDOWS\System32\sechost.dll
0x00007ffacade0000 - 0x00007ffacaf04000 	C:\WINDOWS\System32\RPCRT4.dll
0x00007ffacad60000 - 0x00007ffacad68000 	C:\WINDOWS\System32\PSAPI.DLL
0x00007ffaab3b0000 - 0x00007ffaab3b9000 	C:\WINDOWS\SYSTEM32\WSOCK32.dll
0x00007ffabd610000 - 0x00007ffabd61a000 	C:\WINDOWS\SYSTEM32\VERSION.dll
0x00007ffab2630000 - 0x00007ffab2657000 	C:\WINDOWS\SYSTEM32\WINMM.dll
0x00007ffacb650000 - 0x00007ffacb6bb000 	C:\WINDOWS\System32\WS2_32.dll
0x00007ffac7b50000 - 0x00007ffac7b62000 	C:\WINDOWS\SYSTEM32\kernel.appcore.dll
0x00007ffac0ab0000 - 0x00007ffac0ac0000 	C:\Program Files\AdoptOpenJDK\jdk-11.0.8.10-hotspot\bin\verify.dll
0x00007ffac7070000 - 0x00007ffac7254000 	C:\WINDOWS\SYSTEM32\DBGHELP.DLL
0x00007ffaaac80000 - 0x00007ffaaacac000 	C:\WINDOWS\SYSTEM32\dbgcore.DLL
0x00007ffac94c0000 - 0x00007ffac953f000 	C:\WINDOWS\System32\bcryptPrimitives.dll
0x00007ffa9de30000 - 0x00007ffa9de58000 	C:\Program Files\AdoptOpenJDK\jdk-11.0.8.10-hotspot\bin\java.dll
0x00007ffabfcd0000 - 0x00007ffabfcda000 	C:\Program Files\AdoptOpenJDK\jdk-11.0.8.10-hotspot\bin\jimage.dll
0x00007ffab39a0000 - 0x00007ffab39b7000 	C:\Program Files\AdoptOpenJDK\jdk-11.0.8.10-hotspot\bin\zip.dll
0x00007ffacaf10000 - 0x00007ffacb650000 	C:\WINDOWS\System32\SHELL32.dll
0x00007ffac7350000 - 0x00007ffac7ae4000 	C:\WINDOWS\SYSTEM32\windows.storage.dll
0x00007ffaca760000 - 0x00007ffacaab5000 	C:\WINDOWS\System32\combase.dll
0x00007ffac8c90000 - 0x00007ffac8cbc000 	C:\WINDOWS\SYSTEM32\Wldp.dll
0x00007ffaca030000 - 0x00007ffaca0de000 	C:\WINDOWS\System32\SHCORE.dll
0x00007ffaca560000 - 0x00007ffaca5b5000 	C:\WINDOWS\System32\shlwapi.dll
0x00007ffac9150000 - 0x00007ffac9176000 	C:\WINDOWS\SYSTEM32\profapi.dll
0x00007ffa7e2a0000 - 0x00007ffa7e439000 	C:\Program Files\AdoptOpenJDK\jdk-11.0.8.10-hotspot\bin\awt.dll
0x00007ffacb770000 - 0x00007ffacb83d000 	C:\WINDOWS\System32\OLEAUT32.dll
0x00007ffac2660000 - 0x00007ffac26f0000 	C:\WINDOWS\SYSTEM32\apphelp.dll
0x00007ffac2770000 - 0x00007ffac280f000 	C:\WINDOWS\system32\uxtheme.dll
0x00007ffaca5e0000 - 0x00007ffaca6f5000 	C:\WINDOWS\System32\MSCTF.dll
0x00007ffacab70000 - 0x00007ffacac9a000 	C:\WINDOWS\System32\ole32.dll
0x00007ffac6ae0000 - 0x00007ffac6b0f000 	C:\WINDOWS\system32\DWMAPI.DLL
0x00007ffaaf7d0000 - 0x00007ffaaf8f5000 	C:\WINDOWS\system32\opengl32.dll
0x00007ffab3ba0000 - 0x00007ffab3bcc000 	C:\WINDOWS\SYSTEM32\GLU32.dll
0x00007ffa7e210000 - 0x00007ffa7e292000 	C:\Program Files\AdoptOpenJDK\jdk-11.0.8.10-hotspot\bin\freetype.dll
0x00007ffa7e160000 - 0x00007ffa7e206000 	C:\Program Files\AdoptOpenJDK\jdk-11.0.8.10-hotspot\bin\fontmanager.dll
0x00007ffab9380000 - 0x00007ffab947c000 	C:\WINDOWS\SYSTEM32\textinputframework.dll
0x00007ffac1d50000 - 0x00007ffac20ae000 	C:\WINDOWS\System32\CoreUIComponents.dll
0x00007ffac2430000 - 0x00007ffac2522000 	C:\WINDOWS\System32\CoreMessaging.dll
0x00007ffac7f60000 - 0x00007ffac7f93000 	C:\WINDOWS\SYSTEM32\ntmarta.dll
0x00007ffac0d70000 - 0x00007ffac0ec6000 	C:\WINDOWS\SYSTEM32\wintypes.dll

dbghelp: loaded successfully - version: 4.0.5 - missing functions: none
symbol engine: initialized successfully - sym options: 0x614 - pdb path: .;C:\Program Files\AdoptOpenJDK\jdk-11.0.8.10-hotspot\bin;C:\WINDOWS\SYSTEM32;C:\WINDOWS\WinSxS\amd64_microsoft.windows.common-controls_6595b64144ccf1df_6.0.19041.488_none_ca04af081b815d21;C:\Program Files\AdoptOpenJDK\jdk-11.0.8.10-hotspot\bin\server

VM Arguments:
jvm_args: -Dfile.encoding=Cp1252 
java_command: ventanas.VentanaRestaurante
java_class_path (initial): C:\Users\Usuario\git\Foodestt\FoodEst\bin
Launcher Type: SUN_STANDARD

[Global flags]
     intx CICompilerCount                          = 4                                         {product} {ergonomic}
     uint ConcGCThreads                            = 2                                         {product} {ergonomic}
     uint G1ConcRefinementThreads                  = 8                                         {product} {ergonomic}
   size_t G1HeapRegionSize                         = 1048576                                   {product} {ergonomic}
    uintx GCDrainStackTargetSize                   = 64                                        {product} {ergonomic}
   size_t InitialHeapSize                          = 134217728                                 {product} {ergonomic}
   size_t MarkStackSize                            = 4194304                                   {product} {ergonomic}
   size_t MaxHeapSize                              = 2118123520                                {product} {ergonomic}
   size_t MaxNewSize                               = 1270874112                                {product} {ergonomic}
   size_t MinHeapDeltaBytes                        = 1048576                                   {product} {ergonomic}
    uintx NonNMethodCodeHeapSize                   = 5836300                                {pd product} {ergonomic}
    uintx NonProfiledCodeHeapSize                  = 122910970                              {pd product} {ergonomic}
    uintx ProfiledCodeHeapSize                     = 122910970                              {pd product} {ergonomic}
    uintx ReservedCodeCacheSize                    = 251658240                              {pd product} {ergonomic}
     bool SegmentedCodeCache                       = true                                      {product} {ergonomic}
     bool UseCompressedClassPointers               = true                                 {lp64_product} {ergonomic}
     bool UseCompressedOops                        = true                                 {lp64_product} {ergonomic}
     bool UseG1GC                                  = true                                      {product} {ergonomic}
     bool UseLargePagesIndividualAllocation        = false                                  {pd product} {ergonomic}

Logging:
Log output configuration:
 #0: stdout all=warning uptime,level,tags
 #1: stderr all=off uptime,level,tags

Environment Variables:
PATH=C:/Program Files/AdoptOpenJDK/jdk-11.0.8.10-hotspot/bin/client;C:/Program Files/AdoptOpenJDK/jdk-11.0.8.10-hotspot/bin;C:\Program Files (x86)\Razer Chroma SDK\bin;C:\Program Files\Razer Chroma SDK\bin;C:\Program Files (x86)\Razer\ChromaBroadcast\bin;C:\Program Files\Razer\ChromaBroadcast\bin;C:\Program Files\AdoptOpenJDK\jdk-11.0.8.10-hotspot\bin;C:\Program Files (x86)\Intel\Intel(R) Management Engine Components\iCLS\;C:\Program Files\Intel\Intel(R) Management Engine Components\iCLS\;C:\Program Files\AdoptOpenJDK\jdk-11.0.2+9-jre\bin;C:\Program Files\AdoptOpenJDK\jdk8u202-b08-jre\bin;C:\Program Files (x86)\AdoptOpenJDK\jdk8u202-b08-jre\bin;C:\Windows\System32;C:\Windows;C:\Windows\System32\wbem;C:\Windows\System32\WindowsPowerShell\v1.0\;C:\Windows\System32\OpenSSH\;C:\Program Files (x86)\NVIDIA Corporation\PhysX\Common;C:\Program Files\Intel\WiFi\bin\;C:\Program Files\Common Files\Intel\WirelessCommon\;C:\Program Files (x86)\Intel\Intel(R) Management Engine Components\DAL;C:\Program Files\Intel\Intel(R) Management Engine Components\DAL;C:\Program Files\Microsoft SQL Server\130\Tools\Binn\;C:\WINDOWS\system32;C:\WINDOWS;C:\WINDOWS\System32\Wbem;C:\WINDOWS\System32\WindowsPowerShell\v1.0\;C:\WINDOWS\System32\OpenSSH\;C:\WINDOWS\system32\config\systemprofile\AppData\Local\Microsoft\WindowsApps;C:\Python\Scripts\;C:\Python\;C:\Program Files\Java\jre1.8.0_201\bin;C:\Users\Usuario\AppData\Local\Microsoft\WindowsApps;C:\Program Files\Java\jdk1.8.0_241\bin;C:\Users\Usuario\AppData\Local\GitHubDesktop\bin;C:\Users\Usuario\Desktop;
USERNAME=Usuario
OS=Windows_NT
PROCESSOR_IDENTIFIER=Intel64 Family 6 Model 142 Stepping 10, GenuineIntel



---------------  S Y S T E M  ---------------

OS: Windows 10 , 64 bit Build 19041 (10.0.19041.546)
OS uptime: 1 days 21:57 hours

CPU:total 8 (initial active 8) (4 cores per cpu, 2 threads per core) family 6 model 142 stepping 10, cmov, cx8, fxsr, mmx, sse, sse2, sse3, ssse3, sse4.1, sse4.2, popcnt, avx, avx2, aes, clmul, erms, 3dnowpref, lzcnt, ht, tsc, tscinvbit, bmi1, bmi2, adx, fma

Memory: 4k page, system-wide physical 8076M (469M free)
TotalPageFile size 32652M (AvailPageFile size 0M)
current process WorkingSet (physical memory assigned to process): 69M, peak: 69M
current process commit charge ("private bytes"): 224M, peak: 224M

vm_info: OpenJDK 64-Bit Server VM (11.0.8+10) for windows-amd64 JRE (11.0.8+10), built on Jul 15 2020 11:45:54 by "" with MS VC++ 15.9 (VS2017)

END.
